const char textLogo[18][33]={
	{ ' ', '/', '-', '-', '-', '-', '-', '-', '-', '-', '-', '-', '-', '-', '-', '-', '-', '-', '-', '-', '-', '-', '-', '-', '-', '-', '-', '-', '-', '-', '-', '-', '*' },
	{ '|', ' ', ' ', ' ', ' ', ' ', ' ', ' ', ' ', ' ', ' ', ' ', ' ', ' ', ' ', ' ', ' ', ' ', ' ', ' ', ' ', ' ', ' ', ' ', ' ', ' ', ' ', ' ', ' ', ' ', ' ', '/', ' ' },
	{ '|', ' ', ' ', ' ', '/', '-', '-', '-', '-', '-', '-', '-', '-', '-', '-', '-', '-', '-', '-', '-', '-', '-', '-', '-', '-', '-', '-', '*', ' ', ' ', ' ', '|', ' ' },
	{ '|', ' ', ' ', ' ', '|', ' ', '/', '-', '-', '-', '-', '-', '-', '-', '-', '-', '-', '-', '-', '-', '-', '-', '-', '-', '-', '-', '\', ' ', ' ', ' ', ' ', '|', ' ' },
	{ '|', ' ', ' ', ' ', '|', ' ', '|', ' ', '/', '-', '-', '-', '-', '-', '-', '-', '-', '-', '-', '-', '-', '-', '-', '-', '\', ' ', '|', ' ', ' ', ' ', ' ', '|', ' ' },
	{ '|', ' ', ' ', ' ', '|', ' ', '|', ' ', '|', ' ', '/', '-', '-', '-', '-', '-', '-', '-', '-', '-', '-', '-', '\', ' ', '|', ' ', '|', ' ', ' ', ' ', ' ', '|', ' ' },
	{ '|', ' ', ' ', ' ', '|', ' ', '|', ' ', '|', ' ', '|', ' ', '/', '-', '-', '-', '-', '-', '-', '-', '\', ' ', '|', ' ', '|', ' ', '|', ' ', ' ', ' ', ' ', '|', ' ' },
	{ '|', ' ', ' ', ' ', '|', ' ', '|', ' ', '|', ' ', '|', ' ', '|', ' ', '/', '-', '-', '-', '\', ' ', '|', ' ', '|', ' ', '|', ' ', '|', ' ', ' ', ' ', ' ', '|', ' ' },
	{ '|', ' ', ' ', ' ', '|', ' ', '|', ' ', '|', ' ', '|', ' ', '|', ' ', '|', ' ', '*', ' ', '|', ' ', '|', ' ', '|', ' ', '|', ' ', '|', ' ', ' ', ' ', ' ', '|', ' ' },
	{ '|', ' ', ' ', ' ', '|', ' ', '|', ' ', '|', ' ', '|', ' ', '|', ' ', '|', ' ', '|', ' ', '|', ' ', '|', ' ', '|', ' ', '|', ' ', '|', ' ', ' ', ' ', ' ', '|', ' ' },
	{ '|', ' ', ' ', ' ', '|', ' ', '|', ' ', '|', ' ', '|', ' ', '|', ' ', '\', '-', '/', ' ', '|', ' ', '|', ' ', '|', ' ', '|', ' ', '|', ' ', ' ', ' ', ' ', '|', ' ' },
	{ '|', ' ', ' ', ' ', '|', ' ', '|', ' ', '|', ' ', '|', ' ', '\', '-', '-', '-', '-', '-', '/', ' ', '|', ' ', '|', ' ', '|', ' ', '|', ' ', ' ', ' ', ' ', '|', ' ' },
	{ '|', ' ', ' ', ' ', '|', ' ', '|', ' ', '|', ' ', '\', '-', '-', '-', '-', '-', '-', '-', '-', '-', '/', ' ', '|', ' ', '|', ' ', '|', ' ', ' ', ' ', ' ', '|', ' ' },
	{ '|', ' ', ' ', ' ', '|', ' ', '|', ' ', '\', '-', '-', '-', '-', '-', '-', '-', '-', '-', '-', '-', '-', '-', '/', ' ', '|', ' ', '|', ' ', ' ', ' ', ' ', '|', ' ' },
	{ '|', ' ', ' ', ' ', '|', ' ', '\', '-', '-', '-', '-', '-', '-', '-', '-', '-', '-', '-', '-', '-', '-', '-', '-', '-', '/', ' ', '|', ' ', ' ', ' ', ' ', '|', ' ' },
	{ '|', ' ', ' ', ' ', '\', '-', '-', '-', '-', '-', '-', '-', '-', '-', '-', '-', '-', '-', '-', '-', '-', '-', '-', '-', '-', '-', '/', ' ', ' ', ' ', ' ', '|', ' ' },
	{ '|', ' ', ' ', ' ', ' ', 'C', ' ', '0', 'i', 'N', ' ', 'V', ' ', '0', ' ', 'L', ' ', 'U', ' ', 'T', ' ', 'I', ' ', '0', ' ', 'N', ' ', ' ', ' ', ' ', ' ', '\', ' ' },
	{ ' ', '\', '-', '-', '-', '-', '-', '-', '-', '-', '-', '-', '-', '-', '-', '-', '-', '-', '-', '-', '-', '-', '-', '-', '-', '-', '-', '-', '-', '-', '-', '-', '*' },
};
